Flow report for segBCD2
Fri Apr 13 15:05:19 2018
Quartus II Version 9.1 Build 350 03/24/2010 Service Pack 2 SJ Web Edition


---------------------
; Table of Contents ;
---------------------
  1. Legal Notice
  2. Flow Summary
  3. Flow Settings
  4. Flow Non-Default Global Settings
  5. Flow Elapsed Time
  6. Flow OS Summary
  7. Flow Log



----------------
; Legal Notice ;
----------------
Copyright (C) 1991-2010 Altera Corporation
Your use of Altera Corporation's design tools, logic functions 
and other software and tools, and its AMPP partner logic 
functions, and any output files from any of the foregoing 
(including device programming or simulation files), and any 
associated documentation or information are expressly subject 
to the terms and conditions of the Altera Program License 
Subscription Agreement, Altera MegaCore Function License 
Agreement, or other applicable license agreement, including, 
without limitation, that your use is for the sole purpose of 
programming logic devices manufactured by Altera and sold by 
Altera or its authorized distributors.  Please refer to the 
applicable agreement for further details.



+-----------------------------------------------------------------------------------+
; Flow Summary                                                                      ;
+------------------------------------+----------------------------------------------+
; Flow Status                        ; Successful - Fri Apr 13 15:05:19 2018        ;
; Quartus II Version                 ; 9.1 Build 350 03/24/2010 SP 2 SJ Web Edition ;
; Revision Name                      ; segBCD2                                      ;
; Top-level Entity Name              ; segBCD2                                      ;
; Family                             ; Cyclone IV E                                 ;
; Device                             ; EP4CE115F29C7                                ;
; Timing Models                      ; Preliminary                                  ;
; Met timing requirements            ; N/A                                          ;
; Total logic elements               ; 22 / 114,480 ( < 1 % )                       ;
;     Total combinational functions  ; 22 / 114,480 ( < 1 % )                       ;
;     Dedicated logic registers      ; 0 / 114,480 ( 0 % )                          ;
; Total registers                    ; 0                                            ;
; Total pins                         ; 19 / 529 ( 4 % )                             ;
; Total virtual pins                 ; 0                                            ;
; Total memory bits                  ; 0 / 3,981,312 ( 0 % )                        ;
; Embedded Multiplier 9-bit elements ; 0 / 532 ( 0 % )                              ;
; Total PLLs                         ; 0 / 4 ( 0 % )                                ;
+------------------------------------+----------------------------------------------+


+-----------------------------------------+
; Flow Settings                           ;
+-------------------+---------------------+
; Option            ; Setting             ;
+-------------------+---------------------+
; Start date & time ; 04/13/2018 15:04:57 ;
; Main task         ; Compilation         ;
; Revision Name     ; segBCD2             ;
+-------------------+---------------------+


+-------------------------------------------------------------------------------------------------------------------------------------+
; Flow Non-Default Global Settings                                                                                                    ;
+------------------------------------+-------------------------------------------------+---------------+-------------+----------------+
; Assignment Name                    ; Value                                           ; Default Value ; Entity Name ; Section Id     ;
+------------------------------------+-------------------------------------------------+---------------+-------------+----------------+
; COMPILER_SIGNATURE_ID              ; 93179164542084.152364269705848                  ; --            ; --          ; --             ;
; MAX_CORE_JUNCTION_TEMP             ; 85                                              ; --            ; --          ; --             ;
; MIN_CORE_JUNCTION_TEMP             ; 0                                               ; --            ; --          ; --             ;
; MISC_FILE                          ; C:/Users/lfms/Documents/Projeto_ULA/segBCD2.dpf ; --            ; --          ; --             ;
; NOMINAL_CORE_SUPPLY_VOLTAGE        ; 1.2V                                            ; --            ; --          ; --             ;
; PARTITION_COLOR                    ; 16764057                                        ; --            ; --          ; Top            ;
; PARTITION_NETLIST_TYPE             ; SOURCE                                          ; --            ; --          ; Top            ;
; USE_GENERATED_PHYSICAL_CONSTRAINTS ; Off                                             ; --            ; --          ; eda_blast_fpga ;
+------------------------------------+-------------------------------------------------+---------------+-------------+----------------+


+-------------------------------------------------------------------------------------------------------------------------------+
; Flow Elapsed Time                                                                                                             ;
+---------------------------+--------------+-------------------------+---------------------+------------------------------------+
; Module Name               ; Elapsed Time ; Average Processors Used ; Peak Virtual Memory ; Total CPU Time (on all processors) ;
+---------------------------+--------------+-------------------------+---------------------+------------------------------------+
; Analysis & Synthesis      ; 00:00:02     ; 1.0                     ; 225 MB              ; 00:00:01                           ;
; Fitter                    ; 00:00:12     ; 2.4                     ; 434 MB              ; 00:00:14                           ;
; Assembler                 ; 00:00:07     ; 1.0                     ; 439 MB              ; 00:00:05                           ;
; TimeQuest Timing Analyzer ; 00:00:05     ; 1.0                     ; 325 MB              ; 00:00:02                           ;
; Total                     ; 00:00:21     ; --                      ; --                  ; 00:00:20                           ;
+---------------------------+--------------+-------------------------+---------------------+------------------------------------+


+--------------------------------------------------------------------------------------------+
; Flow OS Summary                                                                            ;
+---------------------------+------------------+---------------+------------+----------------+
; Module Name               ; Machine Hostname ; OS Name       ; OS Version ; Processor type ;
+---------------------------+------------------+---------------+------------+----------------+
; Analysis & Synthesis      ; HWC16            ; Windows Vista ; 6.1        ; x86_64         ;
; Fitter                    ; HWC16            ; Windows Vista ; 6.1        ; x86_64         ;
; TimeQuest Timing Analyzer ; HWC16            ; Windows Vista ; 6.1        ; x86_64         ;
; Assembler                 ; HWC16            ; Windows Vista ; 6.1        ; x86_64         ;
+---------------------------+------------------+---------------+------------+----------------+


------------
; Flow Log ;
------------
quartus_map --read_settings_files=on --write_settings_files=off segBCD2 -c segBCD2
quartus_fit --read_settings_files=off --write_settings_files=off segBCD2 -c segBCD2
quartus_sta segBCD2 -c segBCD2
quartus_asm --read_settings_files=off --write_settings_files=off segBCD2 -c segBCD2



