Analysis & Synthesis report for ULA_soma_14-04-19
Sat Apr 14 21:20:16 2018
Quartus II 32-bit Version 13.1.0 Build 162 10/23/2013 SJ Web Edition


---------------------
; Table of Contents ;
---------------------
  1. Legal Notice
  2. Analysis & Synthesis Summary
  3. Analysis & Synthesis Settings
  4. Parallel Compilation
  5. Analysis & Synthesis Source Files Read
  6. Analysis & Synthesis Resource Usage Summary
  7. Analysis & Synthesis Resource Utilization by Entity
  8. General Register Statistics
  9. Elapsed Time Per Partition
 10. Analysis & Synthesis Messages



----------------
; Legal Notice ;
----------------
Copyright (C) 1991-2013 Altera Corporation
Your use of Altera Corporation's design tools, logic functions 
and other software and tools, and its AMPP partner logic 
functions, and any output files from any of the foregoing 
(including device programming or simulation files), and any 
associated documentation or information are expressly subject 
to the terms and conditions of the Altera Program License 
Subscription Agreement, Altera MegaCore Function License 
Agreement, or other applicable license agreement, including, 
without limitation, that your use is for the sole purpose of 
programming logic devices manufactured by Altera and sold by 
Altera or its authorized distributors.  Please refer to the 
applicable agreement for further details.



+---------------------------------------------------------------------------------+
; Analysis & Synthesis Summary                                                    ;
+------------------------------------+--------------------------------------------+
; Analysis & Synthesis Status        ; Successful - Sat Apr 14 21:20:16 2018      ;
; Quartus II 32-bit Version          ; 13.1.0 Build 162 10/23/2013 SJ Web Edition ;
; Revision Name                      ; ULA_soma_14-04-19                          ;
; Top-level Entity Name              ; ULA_soma_14-04-19                          ;
; Family                             ; Cyclone IV E                               ;
; Total logic elements               ; 79                                         ;
;     Total combinational functions  ; 79                                         ;
;     Dedicated logic registers      ; 0                                          ;
; Total registers                    ; 0                                          ;
; Total pins                         ; 64                                         ;
; Total virtual pins                 ; 0                                          ;
; Total memory bits                  ; 0                                          ;
; Embedded Multiplier 9-bit elements ; 0                                          ;
; Total PLLs                         ; 0                                          ;
+------------------------------------+--------------------------------------------+


+----------------------------------------------------------------------------------------------------------------------+
; Analysis & Synthesis Settings                                                                                        ;
+----------------------------------------------------------------------------+--------------------+--------------------+
; Option                                                                     ; Setting            ; Default Value      ;
+----------------------------------------------------------------------------+--------------------+--------------------+
; Device                                                                     ; EP4CE115F29C7      ;                    ;
; Top-level entity name                                                      ; ULA_soma_14-04-19  ; ULA_soma_14-04-19  ;
; Family name                                                                ; Cyclone IV E       ; Cyclone IV GX      ;
; Use smart compilation                                                      ; Off                ; Off                ;
; Enable parallel Assembler and TimeQuest Timing Analyzer during compilation ; On                 ; On                 ;
; Enable compact report table                                                ; Off                ; Off                ;
; Restructure Multiplexers                                                   ; Auto               ; Auto               ;
; Create Debugging Nodes for IP Cores                                        ; Off                ; Off                ;
; Preserve fewer node names                                                  ; On                 ; On                 ;
; Disable OpenCore Plus hardware evaluation                                  ; Off                ; Off                ;
; Verilog Version                                                            ; Verilog_2001       ; Verilog_2001       ;
; VHDL Version                                                               ; VHDL_1993          ; VHDL_1993          ;
; State Machine Processing                                                   ; Auto               ; Auto               ;
; Safe State Machine                                                         ; Off                ; Off                ;
; Extract Verilog State Machines                                             ; On                 ; On                 ;
; Extract VHDL State Machines                                                ; On                 ; On                 ;
; Ignore Verilog initial constructs                                          ; Off                ; Off                ;
; Iteration limit for constant Verilog loops                                 ; 5000               ; 5000               ;
; Iteration limit for non-constant Verilog loops                             ; 250                ; 250                ;
; Add Pass-Through Logic to Inferred RAMs                                    ; On                 ; On                 ;
; Infer RAMs from Raw Logic                                                  ; On                 ; On                 ;
; Parallel Synthesis                                                         ; On                 ; On                 ;
; DSP Block Balancing                                                        ; Auto               ; Auto               ;
; NOT Gate Push-Back                                                         ; On                 ; On                 ;
; Power-Up Don't Care                                                        ; On                 ; On                 ;
; Remove Redundant Logic Cells                                               ; Off                ; Off                ;
; Remove Duplicate Registers                                                 ; On                 ; On                 ;
; Ignore CARRY Buffers                                                       ; Off                ; Off                ;
; Ignore CASCADE Buffers                                                     ; Off                ; Off                ;
; Ignore GLOBAL Buffers                                                      ; Off                ; Off                ;
; Ignore ROW GLOBAL Buffers                                                  ; Off                ; Off                ;
; Ignore LCELL Buffers                                                       ; Off                ; Off                ;
; Ignore SOFT Buffers                                                        ; On                 ; On                 ;
; Limit AHDL Integers to 32 Bits                                             ; Off                ; Off                ;
; Optimization Technique                                                     ; Balanced           ; Balanced           ;
; Carry Chain Length                                                         ; 70                 ; 70                 ;
; Auto Carry Chains                                                          ; On                 ; On                 ;
; Auto Open-Drain Pins                                                       ; On                 ; On                 ;
; Perform WYSIWYG Primitive Resynthesis                                      ; Off                ; Off                ;
; Auto ROM Replacement                                                       ; On                 ; On                 ;
; Auto RAM Replacement                                                       ; On                 ; On                 ;
; Auto DSP Block Replacement                                                 ; On                 ; On                 ;
; Auto Shift Register Replacement                                            ; Auto               ; Auto               ;
; Allow Shift Register Merging across Hierarchies                            ; Auto               ; Auto               ;
; Auto Clock Enable Replacement                                              ; On                 ; On                 ;
; Strict RAM Replacement                                                     ; Off                ; Off                ;
; Allow Synchronous Control Signals                                          ; On                 ; On                 ;
; Force Use of Synchronous Clear Signals                                     ; Off                ; Off                ;
; Auto RAM Block Balancing                                                   ; On                 ; On                 ;
; Auto RAM to Logic Cell Conversion                                          ; Off                ; Off                ;
; Auto Resource Sharing                                                      ; Off                ; Off                ;
; Allow Any RAM Size For Recognition                                         ; Off                ; Off                ;
; Allow Any ROM Size For Recognition                                         ; Off                ; Off                ;
; Allow Any Shift Register Size For Recognition                              ; Off                ; Off                ;
; Use LogicLock Constraints during Resource Balancing                        ; On                 ; On                 ;
; Ignore translate_off and synthesis_off directives                          ; Off                ; Off                ;
; Timing-Driven Synthesis                                                    ; On                 ; On                 ;
; Report Parameter Settings                                                  ; On                 ; On                 ;
; Report Source Assignments                                                  ; On                 ; On                 ;
; Report Connectivity Checks                                                 ; On                 ; On                 ;
; Ignore Maximum Fan-Out Assignments                                         ; Off                ; Off                ;
; Synchronization Register Chain Length                                      ; 2                  ; 2                  ;
; PowerPlay Power Optimization                                               ; Normal compilation ; Normal compilation ;
; HDL message level                                                          ; Level2             ; Level2             ;
; Suppress Register Optimization Related Messages                            ; Off                ; Off                ;
; Number of Removed Registers Reported in Synthesis Report                   ; 5000               ; 5000               ;
; Number of Swept Nodes Reported in Synthesis Report                         ; 5000               ; 5000               ;
; Number of Inverted Registers Reported in Synthesis Report                  ; 100                ; 100                ;
; Clock MUX Protection                                                       ; On                 ; On                 ;
; Auto Gated Clock Conversion                                                ; Off                ; Off                ;
; Block Design Naming                                                        ; Auto               ; Auto               ;
; SDC constraint protection                                                  ; Off                ; Off                ;
; Synthesis Effort                                                           ; Auto               ; Auto               ;
; Shift Register Replacement - Allow Asynchronous Clear Signal               ; On                 ; On                 ;
; Pre-Mapping Resynthesis Optimization                                       ; Off                ; Off                ;
; Analysis & Synthesis Message Level                                         ; Medium             ; Medium             ;
; Disable Register Merging Across Hierarchies                                ; Auto               ; Auto               ;
; Resource Aware Inference For Block RAM                                     ; On                 ; On                 ;
; Synthesis Seed                                                             ; 1                  ; 1                  ;
+----------------------------------------------------------------------------+--------------------+--------------------+


+------------------------------------------+
; Parallel Compilation                     ;
+----------------------------+-------------+
; Processors                 ; Number      ;
+----------------------------+-------------+
; Number detected on machine ; 4           ;
; Maximum allowed            ; 2           ;
;                            ;             ;
; Average used               ; 1.00        ;
; Maximum used               ; 1           ;
;                            ;             ;
; Usage by Processor         ; % Time Used ;
;     Processor 1            ; 100.0%      ;
;     Processors 2-4         ;   0.0%      ;
+----------------------------+-------------+


+-----------------------------------------------------------------------------------------------------------------------------------------------------------------------------+
; Analysis & Synthesis Source Files Read                                                                                                                                      ;
+----------------------------------+-----------------+------------------------------------------+-------------------------------------------------------------------+---------+
; File Name with User-Entered Path ; Used in Netlist ; File Type                                ; File Name with Absolute Path                                      ; Library ;
+----------------------------------+-----------------+------------------------------------------+-------------------------------------------------------------------+---------+
; ULA_soma_14-04-19.bdf            ; yes             ; User Block Diagram/Schematic File        ; C:/Users/LuisFelipe/Documents/Projeto_ULA/ULA_soma_14-04-19.bdf   ;         ;
; mandachuva5.bdf                  ; yes             ; User Block Diagram/Schematic File        ; C:/Users/LuisFelipe/Documents/Projeto_ULA/mandachuva5.bdf         ;         ;
; bcd14seg.bdf                     ; yes             ; Auto-Found Block Diagram/Schematic File  ; C:/Users/LuisFelipe/Documents/Projeto_ULA/bcd14seg.bdf            ;         ;
; sistema.bdf                      ; yes             ; Auto-Found Block Diagram/Schematic File  ; C:/Users/LuisFelipe/Documents/Projeto_ULA/sistema.bdf             ;         ;
; maior_que.bdf                    ; yes             ; Auto-Found Block Diagram/Schematic File  ; C:/Users/LuisFelipe/Documents/Projeto_ULA/maior_que.bdf           ;         ;
; mandachuva.bdf                   ; yes             ; Auto-Found Block Diagram/Schematic File  ; C:/Users/LuisFelipe/Documents/Projeto_ULA/mandachuva.bdf          ;         ;
; igualigual.bdf                   ; yes             ; Auto-Found Block Diagram/Schematic File  ; C:/Users/LuisFelipe/Documents/Projeto_ULA/igualigual.bdf          ;         ;
; bcd14segout3.bdf                 ; yes             ; Auto-Found Block Diagram/Schematic File  ; C:/Users/LuisFelipe/Documents/Projeto_ULA/bcd14segout3.bdf        ;         ;
; ulaula-soma-esquema.bdf          ; yes             ; Auto-Found Block Diagram/Schematic File  ; C:/Users/LuisFelipe/Documents/Projeto_ULA/ulaula-soma-esquema.bdf ;         ;
; complemento2.bdf                 ; yes             ; Auto-Found Block Diagram/Schematic File  ; C:/Users/LuisFelipe/Documents/Projeto_ULA/complemento2.bdf        ;         ;
; comple2_para_5_bits.bdf          ; yes             ; Auto-Found Block Diagram/Schematic File  ; C:/Users/LuisFelipe/Documents/Projeto_ULA/comple2_para_5_bits.bdf ;         ;
; ulaand.bdf                       ; yes             ; Auto-Found Block Diagram/Schematic File  ; C:/Users/LuisFelipe/Documents/Projeto_ULA/ulaand.bdf              ;         ;
; ulaxor.bdf                       ; yes             ; Auto-Found Block Diagram/Schematic File  ; C:/Users/LuisFelipe/Documents/Projeto_ULA/ulaxor.bdf              ;         ;
+----------------------------------+-----------------+------------------------------------------+-------------------------------------------------------------------+---------+


+--------------------------------------------------------+
; Analysis & Synthesis Resource Usage Summary            ;
+---------------------------------------------+----------+
; Resource                                    ; Usage    ;
+---------------------------------------------+----------+
; Estimated Total logic elements              ; 79       ;
;                                             ;          ;
; Total combinational functions               ; 79       ;
; Logic element usage by number of LUT inputs ;          ;
;     -- 4 input functions                    ; 56       ;
;     -- 3 input functions                    ; 16       ;
;     -- <=2 input functions                  ; 7        ;
;                                             ;          ;
; Logic elements by mode                      ;          ;
;     -- normal mode                          ; 75       ;
;     -- arithmetic mode                      ; 4        ;
;                                             ;          ;
; Total registers                             ; 0        ;
;     -- Dedicated logic registers            ; 0        ;
;     -- I/O registers                        ; 0        ;
;                                             ;          ;
; I/O pins                                    ; 64       ;
; Embedded Multiplier 9-bit elements          ; 0        ;
; Maximum fan-out node                        ; b0~input ;
; Maximum fan-out                             ; 15       ;
; Total fan-out                               ; 390      ;
; Average fan-out                             ; 1.88     ;
+---------------------------------------------+----------+


+------------------------------------------------------------------------------------------------------------------------------------------------------------------------------------------------------------+
; Analysis & Synthesis Resource Utilization by Entity                                                                                                                                                        ;
+---------------------------------+-------------------+--------------+-------------+--------------+---------+-----------+------+--------------+-----------------------------------------------+--------------+
; Compilation Hierarchy Node      ; LC Combinationals ; LC Registers ; Memory Bits ; DSP Elements ; DSP 9x9 ; DSP 18x18 ; Pins ; Virtual Pins ; Full Hierarchy Name                           ; Library Name ;
+---------------------------------+-------------------+--------------+-------------+--------------+---------+-----------+------+--------------+-----------------------------------------------+--------------+
; |ULA_soma_14-04-19              ; 79 (25)           ; 0 (0)        ; 0           ; 0            ; 0       ; 0         ; 64   ; 0            ; |ULA_soma_14-04-19                            ; work         ;
;    |ULAULA-SOMA-esquema:inst14| ; 7 (7)             ; 0 (0)        ; 0           ; 0            ; 0       ; 0         ; 0    ; 0            ; |ULA_soma_14-04-19|ULAULA-SOMA-esquema:inst14 ; work         ;
;    |ULAand:inst68|              ; 1 (1)             ; 0 (0)        ; 0           ; 0            ; 0       ; 0         ; 0    ; 0            ; |ULA_soma_14-04-19|ULAand:inst68              ; work         ;
;    |bcd14seg:inst20|            ; 9 (9)             ; 0 (0)        ; 0           ; 0            ; 0       ; 0         ; 0    ; 0            ; |ULA_soma_14-04-19|bcd14seg:inst20            ; work         ;
;    |bcd14seg:inst47|            ; 8 (8)             ; 0 (0)        ; 0           ; 0            ; 0       ; 0         ; 0    ; 0            ; |ULA_soma_14-04-19|bcd14seg:inst47            ; work         ;
;    |bcd14segout3:inst57|        ; 25 (25)           ; 0 (0)        ; 0           ; 0            ; 0       ; 0         ; 0    ; 0            ; |ULA_soma_14-04-19|bcd14segout3:inst57        ; work         ;
;    |complemento2:inst23|        ; 1 (1)             ; 0 (0)        ; 0           ; 0            ; 0       ; 0         ; 0    ; 0            ; |ULA_soma_14-04-19|complemento2:inst23        ; work         ;
;    |maior_que:inst31|           ; 1 (1)             ; 0 (0)        ; 0           ; 0            ; 0       ; 0         ; 0    ; 0            ; |ULA_soma_14-04-19|maior_que:inst31           ; work         ;
;    |sistema:inst|               ; 2 (2)             ; 0 (0)        ; 0           ; 0            ; 0       ; 0         ; 0    ; 0            ; |ULA_soma_14-04-19|sistema:inst               ; work         ;
+---------------------------------+-------------------+--------------+-------------+--------------+---------+-----------+------+--------------+-----------------------------------------------+--------------+
Note: For table entries with two numbers listed, the numbers in parentheses indicate the number of resources of the given type used by the specific entity alone. The numbers listed outside of parentheses indicate the total resources of the given type used by the specific entity and all of its sub-entities in the hierarchy.


+------------------------------------------------------+
; General Register Statistics                          ;
+----------------------------------------------+-------+
; Statistic                                    ; Value ;
+----------------------------------------------+-------+
; Total registers                              ; 0     ;
; Number of registers using Synchronous Clear  ; 0     ;
; Number of registers using Synchronous Load   ; 0     ;
; Number of registers using Asynchronous Clear ; 0     ;
; Number of registers using Asynchronous Load  ; 0     ;
; Number of registers using Clock Enable       ; 0     ;
; Number of registers using Preset             ; 0     ;
+----------------------------------------------+-------+


+-------------------------------+
; Elapsed Time Per Partition    ;
+----------------+--------------+
; Partition Name ; Elapsed Time ;
+----------------+--------------+
; Top            ; 00:00:02     ;
+----------------+--------------+


+-------------------------------+
; Analysis & Synthesis Messages ;
+-------------------------------+
Info: *******************************************************************
Info: Running Quartus II 32-bit Analysis & Synthesis
    Info: Version 13.1.0 Build 162 10/23/2013 SJ Web Edition
    Info: Processing started: Sat Apr 14 21:20:09 2018
Info: Command: quartus_map --read_settings_files=on --write_settings_files=off ULA_soma_14-04-19 -c ULA_soma_14-04-19
Info (11104): Parallel Compilation has detected 4 hyper-threaded processors. However, the extra hyper-threaded processors will not be used by default. Parallel Compilation will use 2 of the 2 physical processors detected instead.
Info (12021): Found 1 design units, including 1 entities, in source file ula_soma_14-04-19.bdf
    Info (12023): Found entity 1: ULA_soma_14-04-19
Info (12021): Found 1 design units, including 1 entities, in source file mandachuva5.bdf
    Info (12023): Found entity 1: mandachuva5
Info (12021): Found 1 design units, including 1 entities, in source file ula-14-04-18.bdf
    Info (12023): Found entity 1: ULA-14-04-18
Info (12021): Found 1 design units, including 1 entities, in source file ulaula.bdf
    Info (12023): Found entity 1: ULAula
Info (12127): Elaborating entity "ULA_soma_14-04-19" for the top level hierarchy
Warning (275008): Primitive "NOT" of instance "inst42" not used
Warning (12125): Using design file bcd14seg.bdf, which is not specified as a design file for the current project, but contains definitions for 1 design units and 1 entities in project
    Info (12023): Found entity 1: bcd14seg
Info (12128): Elaborating entity "bcd14seg" for hierarchy "bcd14seg:inst20"
Warning (12125): Using design file sistema.bdf, which is not specified as a design file for the current project, but contains definitions for 1 design units and 1 entities in project
    Info (12023): Found entity 1: sistema
Info (12128): Elaborating entity "sistema" for hierarchy "sistema:inst"
Warning (12125): Using design file maior_que.bdf, which is not specified as a design file for the current project, but contains definitions for 1 design units and 1 entities in project
    Info (12023): Found entity 1: maior_que
Info (12128): Elaborating entity "maior_que" for hierarchy "maior_que:inst34"
Warning (12125): Using design file mandachuva.bdf, which is not specified as a design file for the current project, but contains definitions for 1 design units and 1 entities in project
    Info (12023): Found entity 1: mandachuva
Info (12128): Elaborating entity "mandachuva" for hierarchy "mandachuva:inst37"
Warning (12125): Using design file igualigual.bdf, which is not specified as a design file for the current project, but contains definitions for 1 design units and 1 entities in project
    Info (12023): Found entity 1: igualigual
Info (12128): Elaborating entity "igualigual" for hierarchy "igualigual:inst18"
Warning (12125): Using design file bcd14segout3.bdf, which is not specified as a design file for the current project, but contains definitions for 1 design units and 1 entities in project
    Info (12023): Found entity 1: bcd14segout3
Info (12128): Elaborating entity "bcd14segout3" for hierarchy "bcd14segout3:inst57"
Info (12128): Elaborating entity "mandachuva5" for hierarchy "mandachuva5:inst16"
Warning (12125): Using design file ulaula-soma-esquema.bdf, which is not specified as a design file for the current project, but contains definitions for 1 design units and 1 entities in project
    Info (12023): Found entity 1: ULAULA-SOMA-esquema
Info (12128): Elaborating entity "ULAULA-SOMA-esquema" for hierarchy "ULAULA-SOMA-esquema:inst14"
Warning (12125): Using design file complemento2.bdf, which is not specified as a design file for the current project, but contains definitions for 1 design units and 1 entities in project
    Info (12023): Found entity 1: complemento2
Info (12128): Elaborating entity "complemento2" for hierarchy "complemento2:inst22"
Warning (275008): Primitive "AND2" of instance "inst44" not used
Warning (275008): Primitive "AND2" of instance "inst45" not used
Warning (275008): Primitive "AND2" of instance "inst46" not used
Warning (275008): Primitive "OR3" of instance "inst55" not used
Warning (12125): Using design file comple2_para_5_bits.bdf, which is not specified as a design file for the current project, but contains definitions for 1 design units and 1 entities in project
    Info (12023): Found entity 1: comple2_para_5_bits
Info (12128): Elaborating entity "comple2_para_5_bits" for hierarchy "comple2_para_5_bits:inst15"
Warning (275008): Primitive "AND2" of instance "inst44" not used
Warning (275008): Primitive "AND2" of instance "inst45" not used
Warning (275008): Primitive "AND2" of instance "inst46" not used
Warning (275008): Primitive "OR3" of instance "inst55" not used
Warning (12125): Using design file ulaand.bdf, which is not specified as a design file for the current project, but contains definitions for 1 design units and 1 entities in project
    Info (12023): Found entity 1: ULAand
Info (12128): Elaborating entity "ULAand" for hierarchy "ULAand:inst68"
Warning (12125): Using design file ulaxor.bdf, which is not specified as a design file for the current project, but contains definitions for 1 design units and 1 entities in project
    Info (12023): Found entity 1: ULAxor
Info (12128): Elaborating entity "ULAxor" for hierarchy "ULAxor:inst69"
Warning (13024): Output pins are stuck at VCC or GND
    Warning (13410): Pin "iab2" is stuck at GND
    Warning (13410): Pin "iac2" is stuck at GND
    Warning (13410): Pin "iag2" is stuck at VCC
    Warning (13410): Pin "ibb4" is stuck at GND
    Warning (13410): Pin "ibc4" is stuck at GND
    Warning (13410): Pin "ibg4" is stuck at VCC
    Warning (13410): Pin "pin_name" is stuck at VCC
    Warning (13410): Pin "oc1" is stuck at GND
    Warning (13410): Pin "ob2" is stuck at GND
Info (286030): Timing-Driven Synthesis is running
Info (16010): Generating hard_block partition "hard_block:auto_generated_inst"
    Info (16011): Adding 0 node(s), including 0 DDIO, 0 PLL, 0 transceiver and 0 LCELL
Info (21057): Implemented 143 device resources after synthesis - the final resource count might be different
    Info (21058): Implemented 13 input pins
    Info (21059): Implemented 51 output pins
    Info (21061): Implemented 79 logic cells
Info: Quartus II 32-bit Analysis & Synthesis was successful. 0 errors, 30 warnings
    Info: Peak virtual memory: 404 megabytes
    Info: Processing ended: Sat Apr 14 21:20:17 2018
    Info: Elapsed time: 00:00:08
    Info: Total CPU time (on all processors): 00:00:04


