Flow report for ULAULA-SOMA-esquema
Wed Apr 11 15:57:33 2018
Quartus II Version 9.1 Build 350 03/24/2010 Service Pack 2 SJ Web Edition


---------------------
; Table of Contents ;
---------------------
  1. Legal Notice
  2. Flow Summary
  3. Flow Settings
  4. Flow Non-Default Global Settings
  5. Flow Elapsed Time
  6. Flow OS Summary
  7. Flow Log



----------------
; Legal Notice ;
----------------
Copyright (C) 1991-2010 Altera Corporation
Your use of Altera Corporation's design tools, logic functions 
and other software and tools, and its AMPP partner logic 
functions, and any output files from any of the foregoing 
(including device programming or simulation files), and any 
associated documentation or information are expressly subject 
to the terms and conditions of the Altera Program License 
Subscription Agreement, Altera MegaCore Function License 
Agreement, or other applicable license agreement, including, 
without limitation, that your use is for the sole purpose of 
programming logic devices manufactured by Altera and sold by 
Altera or its authorized distributors.  Please refer to the 
applicable agreement for further details.



+-----------------------------------------------------------------------------------+
; Flow Summary                                                                      ;
+------------------------------------+----------------------------------------------+
; Flow Status                        ; Successful - Wed Apr 11 15:57:33 2018        ;
; Quartus II Version                 ; 9.1 Build 350 03/24/2010 SP 2 SJ Web Edition ;
; Revision Name                      ; ULAULA-SOMA-esquema                          ;
; Top-level Entity Name              ; ULAULA-SOMA-esquema                          ;
; Family                             ; Cyclone IV E                                 ;
; Device                             ; EP4CE115F29C7                                ;
; Timing Models                      ; Preliminary                                  ;
; Met timing requirements            ; N/A                                          ;
; Total logic elements               ; 7 / 114,480 ( < 1 % )                        ;
;     Total combinational functions  ; 7 / 114,480 ( < 1 % )                        ;
;     Dedicated logic registers      ; 0 / 114,480 ( 0 % )                          ;
; Total registers                    ; 0                                            ;
; Total pins                         ; 13 / 529 ( 2 % )                             ;
; Total virtual pins                 ; 0                                            ;
; Total memory bits                  ; 0 / 3,981,312 ( 0 % )                        ;
; Embedded Multiplier 9-bit elements ; 0 / 532 ( 0 % )                              ;
; Total PLLs                         ; 0 / 4 ( 0 % )                                ;
+------------------------------------+----------------------------------------------+


+-----------------------------------------+
; Flow Settings                           ;
+-------------------+---------------------+
; Option            ; Setting             ;
+-------------------+---------------------+
; Start date & time ; 04/11/2018 15:57:11 ;
; Main task         ; Compilation         ;
; Revision Name     ; ULAULA-SOMA-esquema ;
+-------------------+---------------------+


+----------------------------------------------------------------------------------------------------------------------------------------------------+
; Flow Non-Default Global Settings                                                                                                                   ;
+------------------------------------+----------------------------------------------------------------+---------------+-------------+----------------+
; Assignment Name                    ; Value                                                          ; Default Value ; Entity Name ; Section Id     ;
+------------------------------------+----------------------------------------------------------------+---------------+-------------+----------------+
; COMPILER_SIGNATURE_ID              ; 123509610493828.152347303100484                                ; --            ; --          ; --             ;
; MAX_CORE_JUNCTION_TEMP             ; 85                                                             ; --            ; --          ; --             ;
; MIN_CORE_JUNCTION_TEMP             ; 0                                                              ; --            ; --          ; --             ;
; MISC_FILE                          ; C:/Users/lfms/Documents/Projeto_ULA/ss/ULAULA-SOMA-esquema.dpf ; --            ; --          ; --             ;
; NOMINAL_CORE_SUPPLY_VOLTAGE        ; 1.2V                                                           ; --            ; --          ; --             ;
; PARTITION_COLOR                    ; 16764057                                                       ; --            ; --          ; Top            ;
; PARTITION_NETLIST_TYPE             ; SOURCE                                                         ; --            ; --          ; Top            ;
; USE_GENERATED_PHYSICAL_CONSTRAINTS ; Off                                                            ; --            ; --          ; eda_blast_fpga ;
+------------------------------------+----------------------------------------------------------------+---------------+-------------+----------------+


+-------------------------------------------------------------------------------------------------------------------------------+
; Flow Elapsed Time                                                                                                             ;
+---------------------------+--------------+-------------------------+---------------------+------------------------------------+
; Module Name               ; Elapsed Time ; Average Processors Used ; Peak Virtual Memory ; Total CPU Time (on all processors) ;
+---------------------------+--------------+-------------------------+---------------------+------------------------------------+
; Analysis & Synthesis      ; 00:00:02     ; 1.0                     ; 225 MB              ; 00:00:01                           ;
; Fitter                    ; 00:00:13     ; 2.3                     ; 434 MB              ; 00:00:16                           ;
; Assembler                 ; 00:00:07     ; 1.0                     ; 439 MB              ; 00:00:06                           ;
; TimeQuest Timing Analyzer ; 00:00:03     ; 1.0                     ; 320 MB              ; 00:00:02                           ;
; Total                     ; 00:00:22     ; --                      ; --                  ; 00:00:23                           ;
+---------------------------+--------------+-------------------------+---------------------+------------------------------------+


+--------------------------------------------------------------------------------------------+
; Flow OS Summary                                                                            ;
+---------------------------+------------------+---------------+------------+----------------+
; Module Name               ; Machine Hostname ; OS Name       ; OS Version ; Processor type ;
+---------------------------+------------------+---------------+------------+----------------+
; Analysis & Synthesis      ; HWC13            ; Windows Vista ; 6.1        ; x86_64         ;
; Fitter                    ; HWC13            ; Windows Vista ; 6.1        ; x86_64         ;
; TimeQuest Timing Analyzer ; HWC13            ; Windows Vista ; 6.1        ; x86_64         ;
; Assembler                 ; HWC13            ; Windows Vista ; 6.1        ; x86_64         ;
+---------------------------+------------------+---------------+------------+----------------+


------------
; Flow Log ;
------------
quartus_map --read_settings_files=on --write_settings_files=off ULAULA-SOMA-esquema -c ULAULA-SOMA-esquema
quartus_fit --read_settings_files=off --write_settings_files=off ULAULA-SOMA-esquema -c ULAULA-SOMA-esquema
quartus_sta ULAULA-SOMA-esquema -c ULAULA-SOMA-esquema
quartus_asm --read_settings_files=off --write_settings_files=off ULAULA-SOMA-esquema -c ULAULA-SOMA-esquema



